<?xml version="1.0" encoding="UTF-8"?>
<!-- Generated by org.testng.reporters.JUnitReportReporter -->
<testsuite skipped="0" hostname="Janani" name="SeleniumException.SearchGoogle" tests="1" failures="0" timestamp="29 Oct 2018 10:10:40 GMT" time="9.413" errors="0">
  <testcase name="testSearch" time="9.413" classname="SeleniumException.SearchGoogle"/>
</testsuite> <!-- SeleniumException.SearchGoogle -->
